Error[113]   C:\USERS\HERNANDI\DOCUMENTS\WORK\MICROSTEP-CONTROLLER\PIC CODE\16UARTI.ASM 75 : Symbol not previously defined (SPBRG_VAL)
Error[113]   C:\USERS\HERNANDI\DOCUMENTS\WORK\MICROSTEP-CONTROLLER\PIC CODE\16UARTI.ASM 76 : Symbol not previously defined (SPBRG)
Error[113]   C:\USERS\HERNANDI\DOCUMENTS\WORK\MICROSTEP-CONTROLLER\PIC CODE\16UARTI.ASM 77 : Symbol not previously defined (SPBRG)
Error[113]   C:\USERS\HERNANDI\DOCUMENTS\WORK\MICROSTEP-CONTROLLER\PIC CODE\16UARTI.ASM 79 : Symbol not previously defined (TXSTA)
Error[113]   C:\USERS\HERNANDI\DOCUMENTS\WORK\MICROSTEP-CONTROLLER\PIC CODE\16UARTI.ASM 80 : Symbol not previously defined (TXSTA)
Error[113]   C:\USERS\HERNANDI\DOCUMENTS\WORK\MICROSTEP-CONTROLLER\PIC CODE\16UARTI.ASM 100 : Symbol not previously defined (RCSTA)
Error[113]   C:\USERS\HERNANDI\DOCUMENTS\WORK\MICROSTEP-CONTROLLER\PIC CODE\16UARTI.ASM 101 : Symbol not previously defined (RCSTA)
Error[113]   C:\USERS\HERNANDI\DOCUMENTS\WORK\MICROSTEP-CONTROLLER\PIC CODE\16UARTI.ASM 102 : Symbol not previously defined (RCSTA)
Error[113]   C:\USERS\HERNANDI\DOCUMENTS\WORK\MICROSTEP-CONTROLLER\PIC CODE\16UARTI.ASM 102 : Symbol not previously defined (SPEN)
Error[113]   C:\USERS\HERNANDI\DOCUMENTS\WORK\MICROSTEP-CONTROLLER\PIC CODE\16UARTI.ASM 103 : Symbol not previously defined (RCSTA)
Error[113]   C:\USERS\HERNANDI\DOCUMENTS\WORK\MICROSTEP-CONTROLLER\PIC CODE\16UARTI.ASM 103 : Symbol not previously defined (CREN)
Error[113]   C:\USERS\HERNANDI\DOCUMENTS\WORK\MICROSTEP-CONTROLLER\PIC CODE\16UARTI.ASM 120 : Symbol not previously defined (vUARTIntStatus)
Error[113]   C:\USERS\HERNANDI\DOCUMENTS\WORK\MICROSTEP-CONTROLLER\PIC CODE\16UARTI.ASM 121 : Symbol not previously defined (vUARTIntStatus)
Error[113]   C:\USERS\HERNANDI\DOCUMENTS\WORK\MICROSTEP-CONTROLLER\PIC CODE\16UARTI.ASM 344 : Symbol not previously defined (FSR)
Error[113]   C:\USERS\HERNANDI\DOCUMENTS\WORK\MICROSTEP-CONTROLLER\PIC CODE\16UARTI.ASM 345 : Symbol not previously defined (ISR_FSR0L)
Error[113]   C:\USERS\HERNANDI\DOCUMENTS\WORK\MICROSTEP-CONTROLLER\PIC CODE\16UARTI.ASM 346 : Symbol not previously defined (ISR_FSR0L)
Error[113]   C:\USERS\HERNANDI\DOCUMENTS\WORK\MICROSTEP-CONTROLLER\PIC CODE\16UARTI.ASM 348 : Symbol not previously defined (PIR1)
Error[113]   C:\USERS\HERNANDI\DOCUMENTS\WORK\MICROSTEP-CONTROLLER\PIC CODE\16UARTI.ASM 349 : Symbol not previously defined (PIR1)
Error[113]   C:\USERS\HERNANDI\DOCUMENTS\WORK\MICROSTEP-CONTROLLER\PIC CODE\16UARTI.ASM 349 : Symbol not previously defined (TXIF)
Error[113]   C:\USERS\HERNANDI\DOCUMENTS\WORK\MICROSTEP-CONTROLLER\PIC CODE\16UARTI.ASM 469 : Symbol not previously defined (ISR_FSR0L)
Error[113]   C:\USERS\HERNANDI\DOCUMENTS\WORK\MICROSTEP-CONTROLLER\PIC CODE\16UARTI.ASM 470 : Symbol not previously defined (ISR_FSR0L)
Error[113]   C:\USERS\HERNANDI\DOCUMENTS\WORK\MICROSTEP-CONTROLLER\PIC CODE\16UARTI.ASM 471 : Symbol not previously defined (FSR)
Error[129]   C:\USERS\HERNANDI\DOCUMENTS\WORK\MICROSTEP-CONTROLLER\PIC CODE\16UARTI.ASM 477 : Expected (END)
